<?xml version="1.0" encoding="UTF-8"?>
<!-- Generated by org.testng.reporters.JUnitXMLReporter -->
<testsuite ignored="0" hostname="LAPTOP-4MAD2M2P" failures="0" tests="1" name="Test(failed)" time="0.172" errors="0" timestamp="2021-10-03T18:53:23 IST">
  <testcase classname="testCases.BaseTest" name="@BeforeTest setUpTest" time="-1.633267403005E9">
    <failure type="org.testng.TestNGException" message="
Parameter &amp;apos;browser&amp;apos; is required by BeforeTest on method setUpTest but has not been marked @Optional or defined
in C:\Users\divya\eclipse-workspace\BankingWebsiteAutomation\test-output\testng-failed.xml">
      <![CDATA[org.testng.TestNGException: 
Parameter 'browser' is required by BeforeTest on method setUpTest but has not been marked @Optional or defined
in C:\Users\divya\eclipse-workspace\BankingWebsiteAutomation\test-output\testng-failed.xml
... Removed 21 stack frames]]>
    </failure>
  </testcase> <!-- @BeforeTest setUpTest -->
  <testcase classname="testCases.BaseTest" name="@AfterTest tearDownTest" time="-1.633267403145E9">
    <skipped/>
  </testcase> <!-- @AfterTest tearDownTest -->
  <testcase classname="testCases.TC01_LoginTest" name="LoginTest" time="0.0">
    <skipped/>
  </testcase> <!-- LoginTest -->
</testsuite> <!-- Test(failed) -->
